Unity Editor version:    2022.3.13f1 (5f90a5ebde0f)
Branch:                  2022.3/staging
Build type:              Release
Batch mode:              YES
macOS version:           Version 15.3.2 (Build 24D81)
Darwin version:          24.3.0
Architecture:            arm64
Running under Rosetta:   NO
Available memory:        18432 MB
Using pre-set license
Pro License: YES

COMMAND LINE ARGUMENTS:
/Applications/Unity/Hub/Editor/2022.3.13f1/Unity.app/Contents/MacOS/Unity
-adb2
-batchMode
-noUpm
-name
AssetImportWorker0
-projectPath
/Users/firangizbakirli/Frost_Code
-logFile
Logs/AssetImportWorker0.log
-srvPort
57653
Successfully changed project path to: /Users/firangizbakirli/Frost_Code
/Users/firangizbakirli/Frost_Code
[UnityMemory] Configuration Parameters - Can be set up in boot.config
    "memorysetup-bucket-allocator-granularity=16"
    "memorysetup-bucket-allocator-bucket-count=8"
    "memorysetup-bucket-allocator-block-size=33554432"
    "memorysetup-bucket-allocator-block-count=8"
    "memorysetup-main-allocator-block-size=16777216"
    "memorysetup-thread-allocator-block-size=16777216"
    "memorysetup-gfx-main-allocator-block-size=16777216"
    "memorysetup-gfx-thread-allocator-block-size=16777216"
    "memorysetup-cache-allocator-block-size=4194304"
    "memorysetup-typetree-allocator-block-size=2097152"
    "memorysetup-profiler-bucket-allocator-granularity=16"
    "memorysetup-profiler-bucket-allocator-bucket-count=8"
    "memorysetup-profiler-bucket-allocator-block-size=33554432"
    "memorysetup-profiler-bucket-allocator-block-count=8"
    "memorysetup-profiler-allocator-block-size=16777216"
    "memorysetup-profiler-editor-allocator-block-size=1048576"
    "memorysetup-temp-allocator-size-main=16777216"
    "memorysetup-job-temp-allocator-block-size=2097152"
    "memorysetup-job-temp-allocator-block-size-background=1048576"
    "memorysetup-job-temp-allocator-reduction-small-platforms=262144"
    "memorysetup-allocator-temp-initial-block-size-main=262144"
    "memorysetup-allocator-temp-initial-block-size-worker=262144"
    "memorysetup-temp-allocator-size-background-worker=32768"
    "memorysetup-temp-allocator-size-job-worker=262144"
    "memorysetup-temp-allocator-size-preload-manager=33554432"
    "memorysetup-temp-allocator-size-nav-mesh-worker=65536"
    "memorysetup-temp-allocator-size-audio-worker=65536"
    "memorysetup-temp-allocator-size-cloud-worker=32768"
    "memorysetup-temp-allocator-size-gi-baking-worker=262144"
    "memorysetup-temp-allocator-size-gfx=262144"
Player connection [8373585984] Host "[IP] 172.16.150.149 [Port] 0 [Flags] 2 [Guid] 4123481607 [EditorId] 4123481607 [Version] 1048832 [Id] OSXEditor(0,Firangizs-MacBook-Pro.local) [Debug] 1 [PackageName] OSXEditor [ProjectName] Editor" joined multi-casting on [225.0.0.222:54997]...

Player connection [8373585984] Host "[IP] 172.16.150.149 [Port] 0 [Flags] 2 [Guid] 4123481607 [EditorId] 4123481607 [Version] 1048832 [Id] OSXEditor(0,Firangizs-MacBook-Pro.local) [Debug] 1 [PackageName] OSXEditor [ProjectName] Editor" joined alternative multi-casting on [225.0.0.222:34997]...

[Physics::Module] Initialized MultithreadedJobDispatcher with 10 workers.
Refreshing native plugins compatible for Editor in 9.10 ms, found 2 plugins.
Preloading 0 native plugins for Editor in 0.00 ms.
Initialize engine version: 2022.3.13f1 (5f90a5ebde0f)
[Subsystems] Discovering subsystems at path /Applications/Unity/Hub/Editor/2022.3.13f1/Unity.app/Contents/Resources/UnitySubsystems
[Subsystems] Discovering subsystems at path /Users/firangizbakirli/Frost_Code/Assets
GfxDevice: creating device client; threaded=0; jobified=0
 preferred device: Apple M3 Pro (high power)
Metal devices available: 1
0: Apple M3 Pro (high power)
Using device Apple M3 Pro (high power)
Initializing Metal device caps: Apple M3 Pro
Initialize mono
Mono path[0] = '/Applications/Unity/Hub/Editor/2022.3.13f1/Unity.app/Contents/Managed'
Mono path[1] = '/Applications/Unity/Hub/Editor/2022.3.13f1/Unity.app/Contents/MonoBleedingEdge/lib/mono/unityjit-macos'
Mono config path = '/Applications/Unity/Hub/Editor/2022.3.13f1/Unity.app/Contents/MonoBleedingEdge/etc'
Using monoOptions --debugger-agent=transport=dt_socket,embedding=1,server=y,suspend=n,address=127.0.0.1:56506
Begin MonoManager ReloadAssembly
Registering precompiled unity dll's ...
Register platform support module: /Applications/Unity/Hub/Editor/2022.3.13f1/Unity.app/Contents/PlaybackEngines/MacStandaloneSupport/UnityEditor.OSXStandalone.Extensions.dll
Register platform support module: /Applications/Unity/Hub/Editor/2022.3.13f1/PlaybackEngines/AndroidPlayer/UnityEditor.Android.Extensions.dll
Registered in 0.002352 seconds.
- Loaded All Assemblies, in  0.195 seconds
Native extension for Android target not found
Android Extension - Scanning For ADB Devices 63 ms
Native extension for OSXStandalone target not found
Mono: successfully reloaded assembly
- Finished resetting the current domain, in  0.225 seconds
Domain Reload Profiling: 420ms
	BeginReloadAssembly (64ms)
		ExecutionOrderSort (0ms)
		DisableScriptedObjects (0ms)
		BackupInstance (0ms)
		ReleaseScriptingObjects (0ms)
		CreateAndSetChildDomain (0ms)
	RebuildCommonClasses (19ms)
	RebuildNativeTypeToScriptingClass (7ms)
	initialDomainReloadingComplete (26ms)
	LoadAllAssembliesAndSetupDomain (80ms)
		LoadAssemblies (64ms)
		RebuildTransferFunctionScriptingTraits (0ms)
		AnalyzeDomain (78ms)
			TypeCache.Refresh (77ms)
				TypeCache.ScanAssembly (70ms)
			ScanForSourceGeneratedMonoScriptInfo (0ms)
			ResolveRequiredComponents (0ms)
	FinalizeReload (225ms)
		ReleaseScriptCaches (0ms)
		RebuildScriptCaches (0ms)
		SetupLoadedEditorAssemblies (195ms)
			LogAssemblyErrors (0ms)
			InitializePlatformSupportModulesInManaged (129ms)
			SetLoadedEditorAssemblies (2ms)
			RefreshPlugins (0ms)
			BeforeProcessingInitializeOnLoad (1ms)
			ProcessInitializeOnLoadAttributes (43ms)
			ProcessInitializeOnLoadMethodAttributes (20ms)
			AfterProcessingInitializeOnLoad (0ms)
			EditorAssembliesLoaded (0ms)
		ExecutionOrderSort2 (0ms)
		AwakeInstancesAfterBackupRestoration (0ms)
========================================================================
Worker process is ready to serve import requests
Begin MonoManager ReloadAssembly
- Loaded All Assemblies, in  0.320 seconds
Refreshing native plugins compatible for Editor in 0.56 ms, found 2 plugins.
Native extension for Android target not found
Native extension for OSXStandalone target not found
Mono: successfully reloaded assembly
- Finished resetting the current domain, in  0.268 seconds
Domain Reload Profiling: 589ms
	BeginReloadAssembly (63ms)
		ExecutionOrderSort (0ms)
		DisableScriptedObjects (2ms)
		BackupInstance (0ms)
		ReleaseScriptingObjects (0ms)
		CreateAndSetChildDomain (15ms)
	RebuildCommonClasses (19ms)
	RebuildNativeTypeToScriptingClass (7ms)
	initialDomainReloadingComplete (18ms)
	LoadAllAssembliesAndSetupDomain (215ms)
		LoadAssemblies (148ms)
		RebuildTransferFunctionScriptingTraits (0ms)
		AnalyzeDomain (96ms)
			TypeCache.Refresh (88ms)
				TypeCache.ScanAssembly (77ms)
			ScanForSourceGeneratedMonoScriptInfo (5ms)
			ResolveRequiredComponents (2ms)
	FinalizeReload (269ms)
		ReleaseScriptCaches (0ms)
		RebuildScriptCaches (0ms)
		SetupLoadedEditorAssemblies (174ms)
			LogAssemblyErrors (0ms)
			InitializePlatformSupportModulesInManaged (10ms)
			SetLoadedEditorAssemblies (2ms)
			RefreshPlugins (0ms)
			BeforeProcessingInitializeOnLoad (23ms)
			ProcessInitializeOnLoadAttributes (130ms)
			ProcessInitializeOnLoadMethodAttributes (9ms)
			AfterProcessingInitializeOnLoad (0ms)
			EditorAssembliesLoaded (0ms)
		ExecutionOrderSort2 (0ms)
		AwakeInstancesAfterBackupRestoration (2ms)
Launching external process: /Applications/Unity/Hub/Editor/2022.3.13f1/Unity.app/Contents/Tools/UnityShaderCompiler
Launched and connected shader compiler UnityShaderCompiler after 0.02 seconds
Refreshing native plugins compatible for Editor in 0.59 ms, found 2 plugins.
Preloading 0 native plugins for Editor in 0.00 ms.
Unloading 3126 Unused Serialized files (Serialized files now loaded: 0)
Unloading 30 unused Assets / (50.9 KB). Loaded Objects now: 3591.
Memory consumption went from 131.4 MB to 131.4 MB.
Total: 2.067292 ms (FindLiveObjects: 0.094875 ms CreateObjectMapping: 0.028250 ms MarkObjects: 1.882625 ms  DeleteObjects: 0.061208 ms)

AssetImportParameters requested are different than current active one (requested -> active):
  custom:container-demuxer-ogg: 62fdf1f143b41e24485cea50d1cbac27 -> 
  custom:video-decoder-ogg-theora: a1e56fd34408186e4bbccfd4996cb3dc -> 
  custom:container-demuxer-webm: 4f35f7cbe854078d1ac9338744f61a02 -> 
  custom:container-muxer-webm: aa71ff27fc2769a1b78a27578f13a17b -> 
  custom:video-decoder-webm-vp8: 9c59270c3fd7afecdb556c50c9e8de78 -> 
  custom:AudioImporter_EditorPlatform: 3918e3fc78b5a79bad01e8451be0beb8 -> 
  custom:framework-osx-AVFoundation: e770b220cccbd017edd2c1fefb359320 -> 
  custom:video-encoder-webm-vp8: eb34c28f22e8b96e1ab97ce403110664 -> 
  custom:audio-decoder-ogg-vorbis: bf7c407c2cedff20999df2af8eb42d56 -> 
  custom:audio-encoder-webm-vorbis: bf7c407c2cedff20999df2af8eb42d56 -> 
========================================================================
Received Import Request.
  Time since last request: 103947.172425 seconds.
  path: Assets/Pinky UI/Scene 1.unity
  artifactKey: Guid(eab7b8ca680506d44ae808dd5a94bbfe) Importer(815301076,1909f56bfc062723c751e8b465ee728b)
Start importing Assets/Pinky UI/Scene 1.unity using Guid(eab7b8ca680506d44ae808dd5a94bbfe) Importer(815301076,1909f56bfc062723c751e8b465ee728b)  -> (artifact id: '476ca1a7df8f0383d585bb678d91130b') in 0.000948 seconds
Number of updated asset objects reloaded before import = 0
Number of asset objects unloaded after import = 0
========================================================================
Received Import Request.
  Time since last request: 2.175207 seconds.
  path: Assets/Pinky UI/Radio_Button
  artifactKey: Guid(475af21ef0960b442acc84cf57faad4b) Importer(815301076,1909f56bfc062723c751e8b465ee728b)
Start importing Assets/Pinky UI/Radio_Button using Guid(475af21ef0960b442acc84cf57faad4b) Importer(815301076,1909f56bfc062723c751e8b465ee728b)  -> (artifact id: 'bf62ff4dfec8d572ac0c2591b51a47c2') in 0.000757 seconds
Number of updated asset objects reloaded before import = 0
Number of asset objects unloaded after import = 0
========================================================================
Received Import Request.
  Time since last request: 0.077110 seconds.
  path: Assets/Pinky UI/Radio_Button/Radio_Button_Empty_Blue.png
  artifactKey: Guid(b5b8a8ce5071b5b49b2e2130908a0773) Importer(815301076,1909f56bfc062723c751e8b465ee728b)
Start importing Assets/Pinky UI/Radio_Button/Radio_Button_Empty_Blue.png using Guid(b5b8a8ce5071b5b49b2e2130908a0773) Importer(815301076,1909f56bfc062723c751e8b465ee728b)  -> (artifact id: '898f687077f2fc803cd1c07a001f69ed') in 0.141998 seconds
Number of updated asset objects reloaded before import = 0
Number of asset objects unloaded after import = 3
========================================================================
Received Import Request.
  Time since last request: 3.031810 seconds.
  path: Assets/Pinky UI/Sliders/Slider_Background_Blue.png
  artifactKey: Guid(397e1e064ee4a2e4189863ec3bbef596) Importer(815301076,1909f56bfc062723c751e8b465ee728b)
Start importing Assets/Pinky UI/Sliders/Slider_Background_Blue.png using Guid(397e1e064ee4a2e4189863ec3bbef596) Importer(815301076,1909f56bfc062723c751e8b465ee728b)  -> (artifact id: '2dd76b5d0534715e988280dd45d39849') in 0.028111 seconds
Number of updated asset objects reloaded before import = 0
Number of asset objects unloaded after import = 3
========================================================================
Received Import Request.
  Time since last request: 0.000047 seconds.
  path: Assets/Pinky UI/Sliders/Slider_Knob_Blue.png
  artifactKey: Guid(a7e117b511f49eb47851f57ec4d0033c) Importer(815301076,1909f56bfc062723c751e8b465ee728b)
Start importing Assets/Pinky UI/Sliders/Slider_Knob_Blue.png using Guid(a7e117b511f49eb47851f57ec4d0033c) Importer(815301076,1909f56bfc062723c751e8b465ee728b)  -> (artifact id: '1906a6b739a895b8b1d897d187949100') in 0.008052 seconds
Number of updated asset objects reloaded before import = 0
Number of asset objects unloaded after import = 3
========================================================================
Received Import Request.
  Time since last request: 0.000035 seconds.
  path: Assets/Pinky UI/Sliders/Slider_Foreground_Blue.png
  artifactKey: Guid(1c75960ffd129c74188d0fa6cf700883) Importer(815301076,1909f56bfc062723c751e8b465ee728b)
Start importing Assets/Pinky UI/Sliders/Slider_Foreground_Blue.png using Guid(1c75960ffd129c74188d0fa6cf700883) Importer(815301076,1909f56bfc062723c751e8b465ee728b)  -> (artifact id: 'f70398c29c6acf0dca88fba1d4dff84c') in 0.005315 seconds
Number of updated asset objects reloaded before import = 0
Number of asset objects unloaded after import = 3
========================================================================
Received Import Request.
  Time since last request: 3.060978 seconds.
  path: Assets/Pinky UI/Toggle_Button/Toggle_Button_Off_Blue.png
  artifactKey: Guid(fc4007930cee0bf46b4c1a87e0666409) Importer(815301076,1909f56bfc062723c751e8b465ee728b)
Start importing Assets/Pinky UI/Toggle_Button/Toggle_Button_Off_Blue.png using Guid(fc4007930cee0bf46b4c1a87e0666409) Importer(815301076,1909f56bfc062723c751e8b465ee728b)  -> (artifact id: 'ecbb60e054c087d627b067de4aecaac3') in 0.017919 seconds
Number of updated asset objects reloaded before import = 0
Number of asset objects unloaded after import = 3
========================================================================
Received Import Request.
  Time since last request: 0.000082 seconds.
  path: Assets/Pinky UI/Toggle_Button/Toggle_Button_On_Pink.png
  artifactKey: Guid(35b532649b2b4604d908b9b2f6c19849) Importer(815301076,1909f56bfc062723c751e8b465ee728b)
Start importing Assets/Pinky UI/Toggle_Button/Toggle_Button_On_Pink.png using Guid(35b532649b2b4604d908b9b2f6c19849) Importer(815301076,1909f56bfc062723c751e8b465ee728b)  -> (artifact id: '61636693e7ebe4f8c3abe9a6ec1c1912') in 0.007268 seconds
Number of updated asset objects reloaded before import = 0
Number of asset objects unloaded after import = 3
========================================================================
Received Import Request.
  Time since last request: 2.575578 seconds.
  path: Assets/Pinky UI/Checkboxes/Checkbox_Round_Checkmark_Blue.png
  artifactKey: Guid(3d1a3371d48a0a1488b5e0b6efb4770b) Importer(815301076,1909f56bfc062723c751e8b465ee728b)
Start importing Assets/Pinky UI/Checkboxes/Checkbox_Round_Checkmark_Blue.png using Guid(3d1a3371d48a0a1488b5e0b6efb4770b) Importer(815301076,1909f56bfc062723c751e8b465ee728b)  -> (artifact id: 'ee426879ba86ffe165b5a92a63a5f3cf') in 0.017305 seconds
Number of updated asset objects reloaded before import = 0
Number of asset objects unloaded after import = 3
========================================================================
Received Import Request.
  Time since last request: 0.000050 seconds.
  path: Assets/Pinky UI/Checkboxes/Checkbox_Round_Empty_Pink.png
  artifactKey: Guid(58ee06205b88b614484cf438c7a3bc0d) Importer(815301076,1909f56bfc062723c751e8b465ee728b)
Start importing Assets/Pinky UI/Checkboxes/Checkbox_Round_Empty_Pink.png using Guid(58ee06205b88b614484cf438c7a3bc0d) Importer(815301076,1909f56bfc062723c751e8b465ee728b)  -> (artifact id: '3cee2d13fcec6f7e7879262d8cca85d5') in 0.007832 seconds
Number of updated asset objects reloaded before import = 0
Number of asset objects unloaded after import = 3
========================================================================
Received Import Request.
  Time since last request: 1.337536 seconds.
  path: Assets/Pinky UI/Dialog_Box/Dialog_Box_Blue.png
  artifactKey: Guid(53a6963790703c8489c4cb0c3d026cb1) Importer(815301076,1909f56bfc062723c751e8b465ee728b)
Start importing Assets/Pinky UI/Dialog_Box/Dialog_Box_Blue.png using Guid(53a6963790703c8489c4cb0c3d026cb1) Importer(815301076,1909f56bfc062723c751e8b465ee728b)  -> (artifact id: '8dbaabf109354c6dc057a8b6a1da2b54') in 0.019922 seconds
Number of updated asset objects reloaded before import = 0
Number of asset objects unloaded after import = 3
========================================================================
Received Import Request.
  Time since last request: 1.354479 seconds.
  path: Assets/Pinky UI/Icon_White/Icon_Arrow.png
  artifactKey: Guid(9ef725abdd8ee7543a0cef1ff4aec749) Importer(815301076,1909f56bfc062723c751e8b465ee728b)
Start importing Assets/Pinky UI/Icon_White/Icon_Arrow.png using Guid(9ef725abdd8ee7543a0cef1ff4aec749) Importer(815301076,1909f56bfc062723c751e8b465ee728b)  -> (artifact id: '565bd0b0701813cd67bd16782092bbf6') in 0.022917 seconds
Number of updated asset objects reloaded before import = 0
Number of asset objects unloaded after import = 3
========================================================================
Received Import Request.
  Time since last request: 0.000046 seconds.
  path: Assets/Pinky UI/Icon_White/Icon_Dot.png
  artifactKey: Guid(d444fc22dc6d8124eb893d77582713a2) Importer(815301076,1909f56bfc062723c751e8b465ee728b)
Start importing Assets/Pinky UI/Icon_White/Icon_Dot.png using Guid(d444fc22dc6d8124eb893d77582713a2) Importer(815301076,1909f56bfc062723c751e8b465ee728b)  -> (artifact id: 'be4233b85796c5b64dab73d0ba2dffd5') in 0.008564 seconds
Number of updated asset objects reloaded before import = 0
Number of asset objects unloaded after import = 3
========================================================================
Received Import Request.
  Time since last request: 0.000043 seconds.
  path: Assets/Pinky UI/Icon_White/Icon_Hearth.png
  artifactKey: Guid(2366e29b650c34446920b12a9ef84931) Importer(815301076,1909f56bfc062723c751e8b465ee728b)
Start importing Assets/Pinky UI/Icon_White/Icon_Hearth.png using Guid(2366e29b650c34446920b12a9ef84931) Importer(815301076,1909f56bfc062723c751e8b465ee728b)  -> (artifact id: '3474b3d1a1408a56fc8b2741f5e3f658') in 0.007119 seconds
Number of updated asset objects reloaded before import = 0
Number of asset objects unloaded after import = 3
========================================================================
Received Import Request.
  Time since last request: 0.000035 seconds.
  path: Assets/Pinky UI/Icon_White/Icon_Cancel.png
  artifactKey: Guid(a2e2d4780baf62d4aa4bae6f675f6f95) Importer(815301076,1909f56bfc062723c751e8b465ee728b)
Start importing Assets/Pinky UI/Icon_White/Icon_Cancel.png using Guid(a2e2d4780baf62d4aa4bae6f675f6f95) Importer(815301076,1909f56bfc062723c751e8b465ee728b)  -> (artifact id: '0284820f2dd3fdb9653e599ff9dbb3c5') in 0.007254 seconds
Number of updated asset objects reloaded before import = 0
Number of asset objects unloaded after import = 3
========================================================================
Received Import Request.
  Time since last request: 0.000094 seconds.
  path: Assets/Pinky UI/Icon_White/Icon_Cup.png
  artifactKey: Guid(8b08c0411dfad3440b31c9ccfca96a7e) Importer(815301076,1909f56bfc062723c751e8b465ee728b)
Start importing Assets/Pinky UI/Icon_White/Icon_Cup.png using Guid(8b08c0411dfad3440b31c9ccfca96a7e) Importer(815301076,1909f56bfc062723c751e8b465ee728b)  -> (artifact id: 'ffddd45c7f2ad649a00fb9f41fc9873b') in 0.007081 seconds
Number of updated asset objects reloaded before import = 0
Number of asset objects unloaded after import = 3
========================================================================
Received Import Request.
  Time since last request: 0.000045 seconds.
  path: Assets/Pinky UI/Icon_White/Icon_Home.png
  artifactKey: Guid(b2132fc342dc04f459682233dc469d3f) Importer(815301076,1909f56bfc062723c751e8b465ee728b)
Start importing Assets/Pinky UI/Icon_White/Icon_Home.png using Guid(b2132fc342dc04f459682233dc469d3f) Importer(815301076,1909f56bfc062723c751e8b465ee728b)  -> (artifact id: '7c0a635f77c1a3ad718f7bd47312e9bf') in 0.005845 seconds
Number of updated asset objects reloaded before import = 0
Number of asset objects unloaded after import = 3
========================================================================
Received Import Request.
  Time since last request: 0.000035 seconds.
  path: Assets/Pinky UI/Icon_White/Icon_Question.png
  artifactKey: Guid(61860dade0859bc4382440ca7ec0bc3f) Importer(815301076,1909f56bfc062723c751e8b465ee728b)
Start importing Assets/Pinky UI/Icon_White/Icon_Question.png using Guid(61860dade0859bc4382440ca7ec0bc3f) Importer(815301076,1909f56bfc062723c751e8b465ee728b)  -> (artifact id: 'cda5656ce3389c8edabb73ad2da75bf1') in 0.006987 seconds
Number of updated asset objects reloaded before import = 0
Number of asset objects unloaded after import = 3
========================================================================
Received Import Request.
  Time since last request: 0.000151 seconds.
  path: Assets/Pinky UI/Icon_White/Icon_Shop.png
  artifactKey: Guid(47df6dfd843da8e428be529b1d6743f6) Importer(815301076,1909f56bfc062723c751e8b465ee728b)
Start importing Assets/Pinky UI/Icon_White/Icon_Shop.png using Guid(47df6dfd843da8e428be529b1d6743f6) Importer(815301076,1909f56bfc062723c751e8b465ee728b)  -> (artifact id: '31eb6577724a65d8330bd3c4a15c7f90') in 0.006207 seconds
Number of updated asset objects reloaded before import = 0
Number of asset objects unloaded after import = 3
========================================================================
Received Import Request.
  Time since last request: 0.000029 seconds.
  path: Assets/Pinky UI/Icon_White/Icon_Star.png
  artifactKey: Guid(bf77a2813dd1c7b44b9c2640ebdb961c) Importer(815301076,1909f56bfc062723c751e8b465ee728b)
Start importing Assets/Pinky UI/Icon_White/Icon_Star.png using Guid(bf77a2813dd1c7b44b9c2640ebdb961c) Importer(815301076,1909f56bfc062723c751e8b465ee728b)  -> (artifact id: '1c70365c349d5262b71f5cc95ca3ce9d') in 0.006556 seconds
Number of updated asset objects reloaded before import = 0
Number of asset objects unloaded after import = 3
========================================================================
Received Import Request.
  Time since last request: 0.000028 seconds.
  path: Assets/Pinky UI/Icon_White/Icon_Gift.png
  artifactKey: Guid(01f422032b616844198f2392592df0c4) Importer(815301076,1909f56bfc062723c751e8b465ee728b)
Start importing Assets/Pinky UI/Icon_White/Icon_Gift.png using Guid(01f422032b616844198f2392592df0c4) Importer(815301076,1909f56bfc062723c751e8b465ee728b)  -> (artifact id: 'abc3a7b78cc5f1779450f18015e16fe6') in 0.006096 seconds
Number of updated asset objects reloaded before import = 0
Number of asset objects unloaded after import = 3
========================================================================
Received Import Request.
  Time since last request: 0.000162 seconds.
  path: Assets/Pinky UI/Icon_White/Icon_Charts.png
  artifactKey: Guid(90f19881effd38846b92bbb64669540a) Importer(815301076,1909f56bfc062723c751e8b465ee728b)
Start importing Assets/Pinky UI/Icon_White/Icon_Charts.png using Guid(90f19881effd38846b92bbb64669540a) Importer(815301076,1909f56bfc062723c751e8b465ee728b)  -> (artifact id: '7bb1c9ee0ecac52aa74c01f2dfb11588') in 0.004989 seconds
Number of updated asset objects reloaded before import = 0
Number of asset objects unloaded after import = 3
========================================================================
Received Import Request.
  Time since last request: 12.646125 seconds.
  path: Assets/Pinky UI/Progress_Bar/Progress_Bar_Background_Blue.png
  artifactKey: Guid(4f972257c494abb4eb5338b552c0e9a8) Importer(815301076,1909f56bfc062723c751e8b465ee728b)
Start importing Assets/Pinky UI/Progress_Bar/Progress_Bar_Background_Blue.png using Guid(4f972257c494abb4eb5338b552c0e9a8) Importer(815301076,1909f56bfc062723c751e8b465ee728b)  -> (artifact id: 'de91464fbb9c0de0a3239587a6f30357') in 0.023603 seconds
Number of updated asset objects reloaded before import = 0
Number of asset objects unloaded after import = 3
========================================================================
Received Import Request.
  Time since last request: 0.000058 seconds.
  path: Assets/Pinky UI/Progress_Bar/Progress_Bar_Foreground_Pink.png
  artifactKey: Guid(a35cb4ee76fb7084dbeb55e8d85ed13e) Importer(815301076,1909f56bfc062723c751e8b465ee728b)
Start importing Assets/Pinky UI/Progress_Bar/Progress_Bar_Foreground_Pink.png using Guid(a35cb4ee76fb7084dbeb55e8d85ed13e) Importer(815301076,1909f56bfc062723c751e8b465ee728b)  -> (artifact id: 'cbd3b7c468d4ae9d69be86507c01da66') in 0.006522 seconds
Number of updated asset objects reloaded before import = 0
Number of asset objects unloaded after import = 3
========================================================================
Received Import Request.
  Time since last request: 15.322610 seconds.
  path: Assets/Pinky UI/Sliders
  artifactKey: Guid(428341d56d31fab488bc9c94b266a4f0) Importer(815301076,1909f56bfc062723c751e8b465ee728b)
Start importing Assets/Pinky UI/Sliders using Guid(428341d56d31fab488bc9c94b266a4f0) Importer(815301076,1909f56bfc062723c751e8b465ee728b)  -> (artifact id: 'ec8c29d26cf3db5c39eebf44642222d8') in 0.000325 seconds
Number of updated asset objects reloaded before import = 0
Number of asset objects unloaded after import = 0
========================================================================
Received Import Request.
  Time since last request: 13.220585 seconds.
  path: Assets/Pinky UI/Buttons/Oval_Rectangle
  artifactKey: Guid(147b8172025a9e44b90f3ddeda6621c6) Importer(815301076,1909f56bfc062723c751e8b465ee728b)
Start importing Assets/Pinky UI/Buttons/Oval_Rectangle using Guid(147b8172025a9e44b90f3ddeda6621c6) Importer(815301076,1909f56bfc062723c751e8b465ee728b)  -> (artifact id: '1c5a76e5f0b3c52b8d2bed50b1db7eac') in 0.000452 seconds
Number of updated asset objects reloaded before import = 0
Number of asset objects unloaded after import = 0
========================================================================
Received Import Request.
  Time since last request: 0.049624 seconds.
  path: Assets/Pinky UI/Buttons/Oval_Rectangle/Button_Oval_Rectangle_Blue.png
  artifactKey: Guid(5c496139447c40d46ae3cbcda9c82b4a) Importer(815301076,1909f56bfc062723c751e8b465ee728b)
Start importing Assets/Pinky UI/Buttons/Oval_Rectangle/Button_Oval_Rectangle_Blue.png using Guid(5c496139447c40d46ae3cbcda9c82b4a) Importer(815301076,1909f56bfc062723c751e8b465ee728b)  -> (artifact id: '924637155f87771a6e937645fe49f0c1') in 0.014674 seconds
Number of updated asset objects reloaded before import = 0
Number of asset objects unloaded after import = 3
========================================================================
Received Import Request.
  Time since last request: 2.431994 seconds.
  path: Assets/Pinky UI/Buttons/Round/Button_Round_Blue.png
  artifactKey: Guid(8caff66cbf3895c4bb3c9b3ab0e0fc53) Importer(815301076,1909f56bfc062723c751e8b465ee728b)
Start importing Assets/Pinky UI/Buttons/Round/Button_Round_Blue.png using Guid(8caff66cbf3895c4bb3c9b3ab0e0fc53) Importer(815301076,1909f56bfc062723c751e8b465ee728b)  -> (artifact id: 'cf95763b57c44d15b9199811acd3ff2a') in 0.021847 seconds
Number of updated asset objects reloaded before import = 0
Number of asset objects unloaded after import = 3
========================================================================
Received Prepare
Refreshing native plugins compatible for Editor in 1.93 ms, found 2 plugins.
Preloading 0 native plugins for Editor in 0.00 ms.
Unloading 0 Unused Serialized files (Serialized files now loaded: 0)
Unloading 1 unused Assets / (0.8 KB). Loaded Objects now: 3605.
Memory consumption went from 81.6 MB to 81.6 MB.
Total: 2.030250 ms (FindLiveObjects: 0.098209 ms CreateObjectMapping: 0.028833 ms MarkObjects: 1.890833 ms  DeleteObjects: 0.012042 ms)

Prepare: number of updated asset objects reloaded= 0
AssetImportParameters requested are different than current active one (requested -> active):
  custom:container-demuxer-ogg: 62fdf1f143b41e24485cea50d1cbac27 -> 
  custom:video-decoder-ogg-theora: a1e56fd34408186e4bbccfd4996cb3dc -> 
  custom:CustomObjectIndexerAttribute: 756ad292c208cfabdd7b50bc23989ffe -> 
  custom:container-demuxer-webm: 4f35f7cbe854078d1ac9338744f61a02 -> 
  custom:container-muxer-webm: aa71ff27fc2769a1b78a27578f13a17b -> 
  custom:video-decoder-webm-vp8: 9c59270c3fd7afecdb556c50c9e8de78 -> 
  custom:SearchIndexIgnoredProperties: e643bd26f0fe6173181afceb89e7c659 -> 
  custom:AudioImporter_EditorPlatform: 3918e3fc78b5a79bad01e8451be0beb8 -> 
  custom:framework-osx-AVFoundation: e770b220cccbd017edd2c1fefb359320 -> 
  custom:video-encoder-webm-vp8: eb34c28f22e8b96e1ab97ce403110664 -> 
  custom:audio-decoder-ogg-vorbis: bf7c407c2cedff20999df2af8eb42d56 -> 
  custom:audio-encoder-webm-vorbis: bf7c407c2cedff20999df2af8eb42d56 -> 
========================================================================
Received Import Request.
  Time since last request: 230.847159 seconds.
  path: Assets/EKstudio/LowPoly Factory Machine Pack Demo/Material/M_ColorPalette.mat
  artifactKey: Guid(05d76758d32e57c4fb8fc7a6c26f4e1e) Importer(815301076,1909f56bfc062723c751e8b465ee728b)
Start importing Assets/EKstudio/LowPoly Factory Machine Pack Demo/Material/M_ColorPalette.mat using Guid(05d76758d32e57c4fb8fc7a6c26f4e1e) Importer(815301076,1909f56bfc062723c751e8b465ee728b)  -> (artifact id: '291a4b89a38add8d5fee7cd1c2467ed8') in 0.027760 seconds
Number of updated asset objects reloaded before import = 0
Number of asset objects unloaded after import = 2
========================================================================
Received Import Request.
  Time since last request: 0.000028 seconds.
  path: Assets/EKstudio/LowPoly Factory Machine Pack Demo/Material/M_Texture.mat
  artifactKey: Guid(facb130459210ef479fd51615e963dc7) Importer(815301076,1909f56bfc062723c751e8b465ee728b)
Start importing Assets/EKstudio/LowPoly Factory Machine Pack Demo/Material/M_Texture.mat using Guid(facb130459210ef479fd51615e963dc7) Importer(815301076,1909f56bfc062723c751e8b465ee728b)  -> (artifact id: '5e0c746b257a050d18c6642c8bc2df20') in 0.002853 seconds
Number of updated asset objects reloaded before import = 0
Number of asset objects unloaded after import = 2
========================================================================
Received Import Request.
  Time since last request: 0.000092 seconds.
  path: Assets/EKstudio/LowPoly Factory Machine Pack Demo/Material/M_GlassBlack.mat
  artifactKey: Guid(6c0aaaba879c83944839dec15755926c) Importer(815301076,1909f56bfc062723c751e8b465ee728b)
Start importing Assets/EKstudio/LowPoly Factory Machine Pack Demo/Material/M_GlassBlack.mat using Guid(6c0aaaba879c83944839dec15755926c) Importer(815301076,1909f56bfc062723c751e8b465ee728b)  -> (artifact id: '7eb55c3ad405d33434262a7a027196d6') in 0.003611 seconds
Number of updated asset objects reloaded before import = 0
Number of asset objects unloaded after import = 1
========================================================================
Received Import Request.
  Time since last request: 0.000055 seconds.
  path: Assets/EKstudio/LowPoly Factory Machine Pack Demo/Material/M_Pack2.mat
  artifactKey: Guid(477de86e387cb3d4393cbb563311de24) Importer(815301076,1909f56bfc062723c751e8b465ee728b)
Start importing Assets/EKstudio/LowPoly Factory Machine Pack Demo/Material/M_Pack2.mat using Guid(477de86e387cb3d4393cbb563311de24) Importer(815301076,1909f56bfc062723c751e8b465ee728b)  -> (artifact id: 'a227d0463b21ec25d5306d08a6595fa2') in 0.003516 seconds
Number of updated asset objects reloaded before import = 0
Number of asset objects unloaded after import = 2
========================================================================
Received Import Request.
  Time since last request: 0.000131 seconds.
  path: Assets/EKstudio/LowPoly Factory Machine Pack Demo/Material/M_Machn_Conveyor.mat
  artifactKey: Guid(5f14aa85b9deb224293ef37c465a3667) Importer(815301076,1909f56bfc062723c751e8b465ee728b)
Start importing Assets/EKstudio/LowPoly Factory Machine Pack Demo/Material/M_Machn_Conveyor.mat using Guid(5f14aa85b9deb224293ef37c465a3667) Importer(815301076,1909f56bfc062723c751e8b465ee728b)  -> (artifact id: '6399d13472396f7b82c0df40ded06d37') in 0.003486 seconds
Number of updated asset objects reloaded before import = 0
Number of asset objects unloaded after import = 2
========================================================================
Received Import Request.
  Time since last request: 0.000044 seconds.
  path: Assets/EKstudio/LowPoly Factory Machine Pack Demo/Material/M_Pack1.mat
  artifactKey: Guid(0126d1a883819074b90dbbc48588dcf8) Importer(815301076,1909f56bfc062723c751e8b465ee728b)
Start importing Assets/EKstudio/LowPoly Factory Machine Pack Demo/Material/M_Pack1.mat using Guid(0126d1a883819074b90dbbc48588dcf8) Importer(815301076,1909f56bfc062723c751e8b465ee728b)  -> (artifact id: '35305c4f0c3bcb683e98cf3cd40a96f1') in 0.003557 seconds
Number of updated asset objects reloaded before import = 0
Number of asset objects unloaded after import = 2
========================================================================
Received Import Request.
  Time since last request: 0.000043 seconds.
  path: Assets/EKstudio/LowPoly Factory Machine Pack Demo/Material/M_Ground.mat
  artifactKey: Guid(1cae5dd50f0911c449b61d83c6d277eb) Importer(815301076,1909f56bfc062723c751e8b465ee728b)
Start importing Assets/EKstudio/LowPoly Factory Machine Pack Demo/Material/M_Ground.mat using Guid(1cae5dd50f0911c449b61d83c6d277eb) Importer(815301076,1909f56bfc062723c751e8b465ee728b)  -> (artifact id: 'd2fd9973ef53cc38658ee0cf4819b16b') in 0.003105 seconds
Number of updated asset objects reloaded before import = 0
Number of asset objects unloaded after import = 2
========================================================================
Received Prepare
Begin MonoManager ReloadAssembly
Thread 0x318887000 may have been prematurely finalized
- Loaded All Assemblies, in  0.204 seconds
Refreshing native plugins compatible for Editor in 0.61 ms, found 2 plugins.
Native extension for Android target not found
Native extension for OSXStandalone target not found
Mono: successfully reloaded assembly
- Finished resetting the current domain, in  0.497 seconds
Domain Reload Profiling: 701ms
	BeginReloadAssembly (76ms)
		ExecutionOrderSort (0ms)
		DisableScriptedObjects (2ms)
		BackupInstance (0ms)
		ReleaseScriptingObjects (0ms)
		CreateAndSetChildDomain (28ms)
	RebuildCommonClasses (19ms)
	RebuildNativeTypeToScriptingClass (7ms)
	initialDomainReloadingComplete (13ms)
	LoadAllAssembliesAndSetupDomain (90ms)
		LoadAssemblies (105ms)
		RebuildTransferFunctionScriptingTraits (0ms)
		AnalyzeDomain (12ms)
			TypeCache.Refresh (5ms)
				TypeCache.ScanAssembly (0ms)
			ScanForSourceGeneratedMonoScriptInfo (4ms)
			ResolveRequiredComponents (2ms)
	FinalizeReload (497ms)
		ReleaseScriptCaches (0ms)
		RebuildScriptCaches (0ms)
		SetupLoadedEditorAssemblies (160ms)
			LogAssemblyErrors (0ms)
			InitializePlatformSupportModulesInManaged (10ms)
			SetLoadedEditorAssemblies (2ms)
			RefreshPlugins (0ms)
			BeforeProcessingInitializeOnLoad (25ms)
			ProcessInitializeOnLoadAttributes (114ms)
			ProcessInitializeOnLoadMethodAttributes (8ms)
			AfterProcessingInitializeOnLoad (1ms)
			EditorAssembliesLoaded (0ms)
		ExecutionOrderSort2 (0ms)
		AwakeInstancesAfterBackupRestoration (2ms)
Refreshing native plugins compatible for Editor in 0.56 ms, found 2 plugins.
Preloading 0 native plugins for Editor in 0.00 ms.
Unloading 3164 Unused Serialized files (Serialized files now loaded: 0)
Unloading 34 unused Assets / (0.6 MB). Loaded Objects now: 3678.
Memory consumption went from 141.9 MB to 141.3 MB.
Total: 2.007541 ms (FindLiveObjects: 0.106625 ms CreateObjectMapping: 0.028542 ms MarkObjects: 1.691500 ms  DeleteObjects: 0.180250 ms)

Prepare: number of updated asset objects reloaded= 0
AssetImportParameters requested are different than current active one (requested -> active):
  custom:container-demuxer-ogg: 62fdf1f143b41e24485cea50d1cbac27 -> 
  custom:video-decoder-ogg-theora: a1e56fd34408186e4bbccfd4996cb3dc -> 
  custom:CustomObjectIndexerAttribute: 756ad292c208cfabdd7b50bc23989ffe -> 
  custom:container-demuxer-webm: 4f35f7cbe854078d1ac9338744f61a02 -> 
  custom:container-muxer-webm: aa71ff27fc2769a1b78a27578f13a17b -> 
  custom:video-decoder-webm-vp8: 9c59270c3fd7afecdb556c50c9e8de78 -> 
  custom:SearchIndexIgnoredProperties: e643bd26f0fe6173181afceb89e7c659 -> 
  custom:AudioImporter_EditorPlatform: 3918e3fc78b5a79bad01e8451be0beb8 -> 
  custom:framework-osx-AVFoundation: e770b220cccbd017edd2c1fefb359320 -> 
  custom:video-encoder-webm-vp8: eb34c28f22e8b96e1ab97ce403110664 -> 
  custom:audio-decoder-ogg-vorbis: bf7c407c2cedff20999df2af8eb42d56 -> 
  custom:audio-encoder-webm-vorbis: bf7c407c2cedff20999df2af8eb42d56 -> 
